The Pacific Coast Baseball Network presents Sleep Baseball.
Tonight, from Waterfront Park, it's the Bay Area Bombers hosting the Pacific City Pilots.
Hello and welcome to another beautiful night for baseball.
And it is a perfect night for a ball game: 55°F, Drizzle.
And we are underway.

Top of the first inning.

And Alex Chase steps in to start the inning.
And the pitch... Changeup down and in, one and oh.
And the one-oh... hammered foul and into the stands. One and one.
Here is the one-one... Slider runs high, two and one.
The two-one pitch... tapped foul down the line, two and two.
Here comes the two-two... he spoils a good pitch, two and two.
And the pitch... Slider high and tight, and the count is now full, three and two.
And the 3-2 pitch... Slider high and tight, and Alex Chase draws a walk.

Kevin Webb comes to the plate. runner on first and nobody out.
And Gibson from the stretch... Showing bunt, he pushes it foul. Oh and one.
And the pitch... Showing bunt, he pushes it foul. Oh and two.
And the pitch... He squares to bunt, but fouls it off, oh and two.
And the oh-two... He lays down a sacrifice bunt to third on a slider.

So a runner on second and one away for Omar Ramirez.
And the pitch... chopped foul down the first base line. Oh and one.
Oh-one, pitch on the way... he gets a piece of it, oh and two.
The oh-two pitch... fouled back to the screen, oh and two.
And the oh-two... dribbled foul down the first base line. Oh and two.
And Gibson delivers... hammered foul. Oh and two.
And the oh-two pitch... Four-seam fastball sails over the letters, one and two.
Here is the one-two... Four-seam fastball way outside, two and two.
The two-two pitch... Hammered to left! That one will drop in for a hit and roll all the way to the wall. Omar Ramirez is aboard with a one-out double here in the top of the first, and the Pacific City Pilots move out in front, one-nothing.

And Rex Power steps in against Joe Gibson. runner on second, one away.
And Gibson from the stretch... Curveball, cut on and missed, oh and one.
And Gibson's pitch... fouled back to the screen, oh and two.
The oh-two pitch... Hammered into shallow center! That one will drop in for a hit and roll all the way to the wall. That's going to be a stand-up double for Rex Power here in the top of the first, and the Pacific City Pilots now lead two-nothing here in the top of the first.

Runner on second, one away, for Evan Reed.
And the pitch... Curveball, called a strike on the inside corner, oh and one.
And the oh-one pitch... flied foul and out of play. Oh and two.
And the pitch... dribbled foul down the first base line. Oh and two.
And Gibson's pitch... fouled back and out of play, oh and two.
And the oh-two... Slider, rings him up, and Evan Reed is out looking.

So a runner on second and two down for Felix Washington.
From the belt, the pitch... Changeup, a big swing and a miss, oh and one.
And the oh-one... Changeup, he takes a wild hack at the pitch, oh and two.
And Gibson's pitch... fouled down the line, oh and two.
And the oh-two... he gets a piece of it. Oh and two.
And the oh-two... Slider runs inside, one and two.
Here comes the one-two... fights it off, one and two.
And Gibson's pitch... Lined into shallow left! That one is fair and that one will get all the way to the wall. A two-out double for Felix Washington! And the Pacific City Pilots extend their lead to 3-to-0.

Runner on second, two down, for Hank Barrett.
Righty against righty.
And Gibson's pitch... Roller to short. Jones scoops it up and fires to first to end the inning.

And it remains Pacific City Pilots 3-0, Bay Area Bombers 0. We'll be back after these messages.

And welcome back with us here from Waterfront Park.

Leo Vance digs in. He'll lead off.
Garcia winds and fires... Sinker misses just a bit outside. One and oh.
And the one-oh pitch... Slider, a strike, one and one.
And the one-one pitch... Sinker, taken for a called strike. One and two.
And Garcia delivers... Sinker a bit inside, two and two.
And the two-two... lined foul. Two and two.
And the pitch... he fouls that one off, two and two.
And the two-two... he fouls it off, two and two.
And the two-two pitch... Sinker just misses outside, count is full, three and two.
Full count, here's the pitch... Lined into shallow left, and that one will drop in. Leo Vance is aboard with a leadoff single here in the bottom of the first.

Runner on first, nobody out, for Marcus Thorne.
Lefty against the lefty.
And Garcia from the stretch... Curveball runs high, one and oh.
The one-oh pitch... fouled back, one and one.
An error by 1B Felix Washington allows the batter to reach base.

And Sam Decker will step in with runners on first and second and nobody out.
And Garcia from the stretch... Curveball just misses outside, one and oh.
And Garcia's pitch... dribbled foul down the first base line, one and one.
Here comes the one-one... tapped foul down the line. One and two.
And Garcia delivers... Lined into shallow right field. That one drops in. Sam Decker reaches with a base hit.

And Jackson Riley steps in with the bases loaded, nobody out.
And Garcia comes to the plate... Curveball misses low. One and oh.
Here comes the one-oh... Curveball, he hacks at it and misses. One and one.
The one-one... just gets a piece of it, one and two.
The one-two pitch... Sinker, got him looking, and Jackson Riley is rung up.

And Caleb Jones steps in against Miguel Garcia. the bases loaded, one away.
Here's the pitch... Slider, taken for a called strike, oh and one.
And the oh-one... Curveball misses outside, one and one.
Here is the one-one... Sinker, cut on and missed. One and two.
The one-two pitch... Curveball, hits a sacrifice fly to right, and the Pacific City Pilots now lead 3-to-1.

runners on first and second, two down. Nate Diaz at the plate.
And the pitch... Sinker in the dirt, one and oh.
The one-oh pitch... Sinker spikes before the plate. Two and oh.
And the two-oh... fouled back and out of play, two and one.
And Garcia delivers... Sinker low and away, three and one.
And Garcia's pitch... just gets a piece of it, three and two.
Full count, here's the pitch... Reed calling for it... and he makes the catch to end the inning.

And with one in the books, it's Pacific City Pilots 3, Bay Area Bombers 1. We'll be back with more baseball here on the Pacific Coast Baseball Network.

Top of the second inning here at Waterfront Park.

Leading off, Wes Griffin.
And the pitch to Griffin... fouled back to the screen. Oh and one.
Here comes the oh-one... hammered foul and into the stands. Oh and two.
Here comes the oh-two... he gets a piece of it, oh and two.
The oh-two... Changeup misses high and wide. One and two.
And the pitch... fouled back and out of play. One and two.
Here comes the one-two... he gets a piece of it, one and two.
Here is the one-two... he fouls it off. One and two.
One-two, pitch on the way... Hit in the air to right. Thorne is after it and he makes the catch for out number one.

And TJ Hawkins steps in against Joe Gibson. one away, nobody on.
Righty against righty.
And the pitch to Hawkins... Lined into the gap for a base hit. TJ Hawkins singles with one away.

runner on first, one away. Alex Chase at the plate.
And the pitch... Slider just misses outside, one and oh.
And Gibson delivers... Slider in the dirt, two and oh.
Two-oh, pitch on the way... Slider a bit inside, three and oh.
And the three-oh pitch... Heater misses low and inside, and Alex Chase draws a walk.

And Kevin Webb steps in with runners on first and second, one away.
And the pitch... fouled back to the screen. Oh and one.
And the oh-one... Vance is racing after it... and he makes the catch on the warning track for out number two.

And Omar Ramirez steps in against Joe Gibson. runners on first and second, two down.
And Gibson delivers... Changeup, he hacks at it and misses, oh and one.
And the oh-one... Fastball misses low and inside, one and one.
And the pitch... chopped foul down the first base line, one and two.
And the one-two... hammered foul and into the stands, one and two.
Here is the one-two... Slider misses down and in, two and two.
Here comes the two-two... Fastball a bit inside, count is full. Three and two.
Full count, here's the pitch... Four-seam fastball misses down and in, and Omar Ramirez draws a walk.

Runner on the bases loaded, two down, for Rex Power.
Righty against righty.
And the pitch to Power... tapped foul down the line. Oh and one.
The oh-one pitch... Fastball, comes up empty, oh and two.
Oh-two, pitch on the way... Fastball a bit inside, one and two.
And the one-two pitch... Slider a bit inside. Two and two.
And the two-two... Line drive, center. Rex Power is aboard with a two-out single here in the top of the second, and the Pacific City Pilots now lead 4-to-1 here in the top of the second.

Runner on the bases loaded, two down, for Evan Reed.
And Gibson comes to the plate... Vance tracks it down to center to end the inning.

Score remains Pacific City Pilots 4-1, Bay Area Bombers 1. We'll be back with more baseball here on the Pacific Coast Baseball Network.

And we're back.

And leading off for the Bay Area Bombers, Owen Chen.
And the pitch... Fly ball, to third. Ramirez drifting in... and he makes the catch for out number one.

And Miles Corbin will step in with one away and nobody on.
Righty against the lefty.
And the pitch... Sinker, swung on and missed, oh and one.
Here is the oh-one... Deep fly ball down the line... back, back... gone! A home run for Miles Corbin! And the Pacific City Pilots now lead 4-to-2 here in the bottom of the second.

And Grant Fisher is due up. one away, bases empty.
And Garcia's pitch... Curveball low and away, one and oh.
And the one-oh pitch... Sinker misses just a bit outside. Two and oh.
And the pitch... he spoils a good pitch, two and one.
And Garcia's pitch... Fly ball, to right. Hawkins drifting in... and he makes the catch for out number two.

Bases empty, two down, for Leo Vance.
And the pitch to Vance... Barrett calling for it... and he makes the squeeze to end the inning.

It's Pacific City Pilots 4, Bay Area Bombers 2 after two. We'll be back with more baseball here on the Pacific Coast Baseball Network.

Top of the third inning here at Waterfront Park.

Felix Washington steps in to lead things off.
And Gibson's pitch... hit foul down the line. Oh and one.
And the oh-one... Fastball, called a strike, oh and two.
The oh-two pitch... Slider, struck him out swinging, and Felix Washington strikes out.

And Hank Barrett is due up. one away, bases empty.
And Gibson delivers... lined foul. Oh and one.
Here comes the oh-one... Changeup, swung on and missed. Oh and two.
Here comes the oh-two... tapped foul down the line, oh and two.
Oh-two, pitch on the way... Chopper to second. Diaz is there and he fires to first for out number two.

Bases empty, two down, for Wes Griffin.
Gibson winds and fires... Hard liner captured by Corbin to end the inning.

Gibson sets them down in order. Score remains Pacific City Pilots 4-2, Bay Area Bombers 2. We'll be back after these messages.

Welcome back.

Leading off, Marcus Thorne.
Lefty against the lefty.
And the pitch... Sinker, in there for a called strike, oh and one.
Here is the oh-one... Hammered to center! That one will drop in for a hit and roll all the way to the wall. Marcus Thorne starts the inning with a stand-up double here in the bottom of the third.

And that will bring up Sam Decker with runner on second.
Righty against the lefty.
Here's the pitch... Curveball runs inside, one and oh.
And Garcia's pitch... he fouls it off. One and one.
Here is the one-one... Lined to right. That one drops in. And Sam Decker is aboard with a single here in the bottom of the third.

runners on first and third, nobody out. Jackson Riley at the plate.
Righty against the lefty.
From the belt, the pitch... Sinker in the dirt. One and oh.
Here comes the one-oh... Sinker, he hacks at it and misses, one and one.
And the one-one... Sinker runs high. Two and one.
Here is the two-one... Deep fly ball down the line... back, back... gone! A home run for Jackson Riley! And the Bay Area Bombers move out in front, 5-to-4.

Leading off, shortstop, Caleb Jones.
And Garcia deals... Sent on the ground to second. Chase up with it, over to first for out number one.

And Nate Diaz steps in against Miguel Garcia. one away, nobody on.
And Garcia delivers... tapped foul down the line, oh and one.
And the oh-one... Sinker low and away, one and one.
One-one, pitch on the way... Sinker low and away, two and one.
The two-one pitch... Sinker misses high, three and one.
And the pitch... he gets a piece of it. Three and two.
The payoff pitch... fights it off. Three and two.
The payoff pitch... he gets a piece of it, three and two.
And the 3-2 pitch... Slider, strike three called, and Nate Diaz is out.

And Owen Chen will step in with two down and nobody on.
And the pitch... fights it off, oh and one.
And the oh-one pitch... Lined to left. That one drops in. Owen Chen keeps the inning alive with a two-out single here in the bottom of the third.

Runner on first, two down, for Miles Corbin.
Righty against the lefty.
And Garcia's pitch... Sinker high and tight, one and oh.
And the one-oh... Sinker misses high. Two and oh.
Two-oh, pitch on the way... fouled back and out of play, two and one.
And the two-one... lined foul, two and two.
And Garcia delivers... Sinker sails over the letters, count is full. Three and two.
The payoff pitch... Sinker, gets him swinging, and Miles Corbin is set down swinging.

Pacific City Pilots 4, Bay Area Bombers 5. We'll be back with the fourth inning in a moment here on the Pacific Coast Baseball Network.

Top of the fourth inning here at Waterfront Park.

And leading off for the Pacific City Pilots, TJ Hawkins.
And the pitch... fouled away, oh and one.
Here is the oh-one... fights it off. Oh and two.
Here comes the oh-two... fouled back. Oh and two.
Oh-two, pitch on the way... Line drive, right. TJ Hawkins is aboard with a leadoff single here in the top of the fourth.

Runner on first, nobody out, for Alex Chase.
And the pitch... Showing bunt, he pushes it foul, oh and one.
And Gibson's pitch... He gets a sacrifice bunt to first.

Pitching Change for Bay Area Bombers: Adam Adams replaces Joe Gibson.

Runner on second, one away, for Kevin Webb.
Lefty against the lefty.
And Adams from the stretch... He squares to bunt, but fouls it off, oh and one.
The oh-one pitch... Squared around, but he fouls it, oh and two.
And the pitch... He offers at the bunt, but fouls it back, oh and two.
Oh-two, pitch on the way... Showing bunt, he pushes it foul, oh and two.
The oh-two pitch... Showing bunt, he pushes it foul, oh and two.
And Adams delivers... Lays down a sacrifice bunt to second on a knuckle curve.

And Omar Ramirez steps in against Adam Adams. runner on third, two down.
Here's the pitch... fouled away. Oh and one.
And the oh-one... Lined into shallow right, and that one will drop in. Omar Ramirez is aboard with a two-out single here in the top of the fourth, and this game is now tied at five.

Runner on first, two down, for Rex Power.
And Adams comes to the plate... Knuckle curve, a big swing and a miss, oh and one.
And the pitch... Knuckle curve, he takes an awkward hack at the pitch. Oh and two.
And the oh-two... knuckles foul and lands into the stands. Oh and two.
And the oh-two... Hit well to third, but Corbin is there to make the catch to end the inning.

And we are tied at 5 apiece. We'll be back with more baseball here on the Pacific Coast Baseball Network.

And we're back.

Leading off, Grant Fisher.
Righty against the lefty.
Garcia winds and fires... Sinker, he takes an awkward hack at the pitch, oh and one.
And Garcia delivers... Slider misses low and outside, one and one.
Here is the one-one... flied foul and out of play. One and two.
The one-two pitch... he spoils a good pitch, one and two.
And the one-two... That one drops in. The inning starts with a base hit from Grant Fisher.

And Leo Vance will step in with runner on first and nobody out.
And the pitch... Sinker misses high, one and oh.
And the one-oh pitch... Popped up, to center. Webb is calling for it... and he makes the catch for out number one.

Pitching Change for Pacific City Pilots: Rollie Malone replaces Miguel Garcia.

And that will bring up Marcus Thorne with runner on first.
And the pitch... Showing bunt, he pushes it foul, oh and one.
And Malone delivers... The bunt attempt is fouled off, oh and two.
Oh-two, pitch on the way... Sacrifices to third.

And Sam Decker steps in against Rollie Malone. runner on second, two down.
And Malone comes to the plate... Sinker misses low and inside, one and oh.
And the one-oh... Sinker high and tight. Two and oh.
And the two-oh pitch... tapped foul down the line. Two and one.
Here comes the two-one... Lined to right. That one drops in. Sam Decker is aboard with a two-out single here in the bottom of the fourth.

And Jackson Riley will step in with runners on first and third and two down.
From the belt, the pitch... dribbled foul down the first base line, oh and one.
And Malone's pitch... He rips a base hit to right on a slider. A two-out base hit for Jackson Riley, and the Bay Area Bombers take a 6-to-5 lead here in the bottom of the fourth.

And Caleb Jones steps in with runners on first and second, two down.
Here's the pitch... Slider, swung on and missed. Oh and one.
And Malone's pitch... Slider misses upstairs. One and one.
And the one-one... Sinker misses high and wide. Two and one.
The two-one pitch... hammered foul and into the stands. Two and two.
And the two-two... tapped foul down the line. Two and two.
Here comes the two-two... Slider down and in, and the count is now full, three and two.
And the payoff pitch... fouled back and into the stands, three and two.
Full count, here's the pitch... Slider misses high, and Caleb Jones is aboard with a walk.

Runner on the bases loaded, two down, for Nate Diaz.
And the pitch... sent foul and out of play, oh and one.
And Malone delivers... Sinker, he takes an awkward hack at the pitch. Oh and two.
The oh-two... Ramirez scoops it up and fires to first to retire Nate Diaz to end the inning.

Pacific City Pilots 5, Bay Area Bombers 6. We'll be back after these messages.

Top of the fifth inning here at Waterfront Park.

Leading off, left field, Evan Reed.
Adams winds and fires... Fly ball, to right. Thorne is camped under it, and he makes the catch for out number one.

And that will bring Felix Washington to the plate with one away and the bases empty.
And Adams's pitch... Fastball spikes before the plate, one and oh.
And the pitch... Fastball misses high, two and oh.
The two-oh... Knuckle curve, swung on and missed. Two and one.
And the pitch... Knuckle curve, called strike one, two and two.
Here is the two-two... he fouls it off, two and two.
And the two-two pitch... Fastball, swings through it for strike three, and Felix Washington is out.

Hank Barrett steps to the plate. two down, bases empty.
Righty against the lefty.
Adams winds and fires... Knuckle curve, comes up empty, oh and one.
And Adams's pitch... Knuckle curve, called a strike on the inside corner. Oh and two.
And Adams delivers... Lined to left. That one drops in. A two-out base hit for Hank Barrett.

runner on first, two down. Wes Griffin at the plate.
Righty against the lefty.
And the pitch... Knuckle curve, paints the corner for a called strike. Oh and one.
The oh-one pitch... Fastball, called a strike on the inside corner, oh and two.
And the pitch... lined foul. Oh and two.
And the pitch... Hard grounder to short. Jones is up with it and he fires to first to end the inning.

Score remains Bay Area Bombers 6-5, Pacific City Pilots 5. We'll be back with the fifth inning in a moment here on the Pacific Coast Baseball Network.

And welcome back with us here from Waterfront Park.

Leading off, first base, Owen Chen.
Here's the pitch... he fouls that one off. Oh and one.
The oh-one... Griffin is camped under it, and he makes the catch for out number one.

And Miles Corbin is due up. one away, bases empty.
Malone winds and fires... Slider misses low and inside, one and oh.
The one-oh pitch... Fly ball, center. Webb drifting in... and he makes the catch for out number two.

And Grant Fisher steps in with two down and the bases empty.
And Malone deals... Sinker, paints the corner for a strike. Oh and one.
Oh-one, pitch on the way... fouled back to the screen, oh and two.
Here comes the oh-two... Sinker just misses outside. One and two.
And the one-two pitch... Sinker misses high, two and two.
Here is the two-two... he fouls that one off, two and two.
And the pitch... Sinker, got him looking, and Grant Fisher is caught looking.

Malone retires the side in order. It's Pacific City Pilots 5, Bay Area Bombers 6 after five. We'll be back after these messages.

Top of the sixth inning here at Waterfront Park.

Pitching Change for Bay Area Bombers: Colin Miller replaces Adam Adams.

And TJ Hawkins will lead off the inning.
And Miller delivers... tapped foul down the line, oh and one.
And the oh-one... Slider, he takes an awkward hack at the pitch. Oh and two.
And the oh-two pitch... lined foul. Oh and two.
Oh-two, pitch on the way... Sinker misses high, one and two.
And the one-two... Sinker misses outside, two and two.
And Miller delivers... chopped foul, two and two.
And the two-two... Lined sharply into left. TJ Hawkins starts the inning with a base hit.

And that will bring up Alex Chase with runner on first.
And Miller comes to the plate... Sinker, cut on and missed. Oh and one.
And the oh-one... He offers at the bunt, but fouls it back. Oh and two.
The oh-two pitch... Showing bunt, he pushes it foul, oh and two.
Here comes the oh-two... He squares to bunt, but fouls it off, oh and two.
The oh-two... He tries to lay one down, but it rolls foul, oh and two.
And the pitch... He offers at the bunt, but fouls it back. Oh and two.
And Miller delivers... He tries to lay one down, but it rolls foul. Oh and two.
The oh-two pitch... Lays down a sacrifice bunt to second on a slider.

Kevin Webb comes to the plate. runner on second and one away.
And the pitch... He offers at the bunt, but fouls it back. Oh and one.
And Miller delivers... Squared around, but he fouls it, oh and two.
And the oh-two... He offers at the bunt, but fouls it back. Oh and two.
Here is the oh-two... Bunted foul. Oh and two.
And the pitch... He offers at the bunt, but fouls it back. Oh and two.
Here comes the oh-two... He gets a sacrifice bunt to third.

And that will bring up Omar Ramirez with runner on third.
And Miller deals... knuckles foul and lands into the stands. Oh and one.
And the oh-one pitch... Sinker misses high and wide. One and one.
One-one, pitch on the way... Sinker, called a strike, one and two.
And the one-two... Sent on the ground to third. Corbin up with it, over to first to end the inning.

And it remains Bay Area Bombers 6-5, Pacific City Pilots 5. We'll be back after these messages.

And welcome back with us here from Waterfront Park.

Leading off, center field, Leo Vance.
And the pitch to Vance... just gets a piece of it. Oh and one.
Oh-one, pitch on the way... fouled away, oh and two.
The oh-two... Sinker, caught looking at strike three, and Leo Vance is out.

Pitching Change for Pacific City Pilots: Ben Logan replaces Rollie Malone.

And Marcus Thorne steps in against Ben Logan. one away, nobody on.
And the pitch... Fastball misses low. One and oh.
And Logan delivers... Four-seam fastball, a big swing and a miss, one and one.
And Logan's pitch... Roller to first. Washington scoops it up and fires to first to retire Marcus Thorne for out number two.

And that will bring Sam Decker to the plate with two down and the bases empty.
Here's the pitch... Four-seam fastball misses low and inside. One and oh.
And Logan's pitch... Curveball, paints the corner for a called strike, one and one.
And Logan's pitch... Fastball way outside. Two and one.
And Logan delivers... tapped foul down the line, two and two.
The two-two pitch... Lined to center. That one drops in. Sam Decker is aboard with a two-out single here in the bottom of the sixth.

And Jackson Riley will step in with runner on first and two down.
From the belt, the pitch... Fastball way outside, one and oh.
And the one-oh pitch... Curveball misses low and inside, two and oh.
And the two-oh... Heater spikes before the plate, three and oh.
And the three-oh... Four-seam fastball misses low and inside, and Jackson Riley is aboard with a two-out walk.

Runner on first and second, two down, for Caleb Jones.
And Logan comes to the plate... Ramirez gloves it and fires to first to retire Caleb Jones to end the inning.

It's Pacific City Pilots 5, Bay Area Bombers 6 after six. We'll be back after these messages.

Top of the seventh inning here at Waterfront Park.

And Rex Power leads off for the Pacific City Pilots.
And the pitch... Hit in the air down the line! the fielder racing after it... he will not get there! And this game is now tied at six.

And Evan Reed leads off for the Pacific City Pilots.
Lefty against the righty.
And the pitch... fouled away, oh and one.
And Miller delivers... Sinker, swung on and missed, oh and two.
And Miller delivers... Fly ball, short. Jones will have room... and he makes the catch for out number one.

And Felix Washington is due up. one away, bases empty.
Here's the pitch... Slider misses low and inside, one and oh.
Here comes the one-oh... Slider runs high, two and oh.
The two-oh... Sinker, a strike. Two and one.
Two-one, pitch on the way... Sinker low and away. Three and one.
And the three-one pitch... just gets a piece of it, three and two.
And the 3-2 pitch... Line drive, right. A one-out base hit for Felix Washington.

And Hank Barrett steps in. runner on first, one away.
And the pitch... hit foul down the line. Oh and one.
Here comes the oh-one... He gets a double play ball to first.

Score is tied at 6. We'll be back with more baseball here on the Pacific Coast Baseball Network.

And we're back.

And Nate Diaz will step in at the top of the Bay Area Bombers order.
Here's the pitch... Fastball misses low and inside, one and oh.
One-oh, pitch on the way... he fouls it off. One and one.
Here comes the one-one... chopped foul down the first base line. One and two.
And the one-two... Fastball runs inside. Two and two.
And Logan's pitch... Heater, strike three called, and Nate Diaz is out.

And Owen Chen will step in with one away and nobody on.
Logan winds and fires... Heater misses down and in. One and oh.
The one-oh... Four-seam fastball way outside. Two and oh.
And the two-oh... fouled back to the screen, two and one.
And the two-one... hammered foul. Two and two.
Two-two, pitch on the way... knuckles foul and lands into the stands. Two and two.
The two-two... Fastball, caught looking at strike three, and Owen Chen is out.

And that will bring Miles Corbin to the plate with two down and the bases empty.
And the pitch... Heater misses low and outside, one and oh.
And the one-oh... Chopper to third. Ramirez's got it and he fires to first to end the inning.

Logan retires the side in order. Score is tied at 6. We'll be back after these messages.

Top of the eighth inning here at Waterfront Park.

And Wes Griffin will lead off the inning.
And the pitch... dribbled foul down the first base line, oh and one.
And Miller delivers... Tapped down the line. Corbin steps on the bag for out number one.

And TJ Hawkins steps in against Colin Miller. one away, nobody on.
And the pitch... Lined into shallow right field, and that one will drop in. TJ Hawkins is aboard with a one-out single here in the top of the eighth.

So a runner on first and one away for Alex Chase.
And Miller from the stretch... fouled back. Oh and one.
And the oh-one pitch... Sinker low and away, one and one.
And the one-one... he gets a piece of it, one and two.
And the pitch... fouled down the line, one and two.
And the one-two... That one drops in. A one-out base hit for Alex Chase.

And Kevin Webb steps in. runners on first and second, one away.
And Miller comes to the plate... Sinker, he hacks at it and misses, oh and one.
And the oh-one... he gets a piece of it. Oh and two.
And the oh-two pitch... hit foul down the line. Oh and two.
Here is the oh-two... Hard grounder to short. Jones is up with it and he fires to first for out number two.

Pitching Change for Bay Area Bombers: Victor Stone replaces Colin Miller.

And Omar Ramirez steps in. runners on second and third, two down.
Stone winds and fires... Roller in front of the plate. Decker scoops it up and fires to first to end the inning.

And we are tied at 6 apiece. We'll be back with the eighth inning in a moment here on the Pacific Coast Baseball Network.

Welcome back.

Leading off, left field, Grant Fisher.
Grant Fisher takes one for the team.

Leo Vance steps in to lead things off.
Lefty against the righty.
And Logan's pitch... Fastball down and in. One and oh.
And the one-oh pitch... Curveball misses low and inside, two and oh.
And the two-oh pitch... fouled away, two and one.
Here is the two-one... Fastball sails over the letters, three and one.
Leo Vance draws a walk.

So a runner on first and nobody out for Marcus Thorne.
And Logan deals... Curveball, he hacks at it and misses. Oh and one.
And the oh-one... dribbled foul down the first base line, oh and two.
And the pitch... chopped foul down the first base line, oh and two.
Here comes the oh-two... Fastball misses low and outside. One and two.
One-two, pitch on the way... Curveball, strike three called, and Marcus Thorne is out.

Runner on first, one away, for Sam Decker.
And Logan from the stretch... Four-seam fastball, called a strike, oh and one.
And the oh-one... he spoils a good pitch. Oh and two.
Here is the oh-two... Fastball runs high. One and two.
The one-two... just gets a piece of it, one and two.
And the one-two pitch... Chase has it and tosses to first to retire Sam Decker for out number two.

And Jackson Riley steps in. runner on second, two down.
From the belt, the pitch... Drives a base hit through the left side. A two-out base hit for Jackson Riley.

Caleb Jones comes to the plate. runners on first and third and two down.
And Logan comes to the plate... Four-seam fastball, paints the corner for a strike, oh and one.
And the oh-one... Curveball low and away. One and one.
And Logan delivers... Fastball runs inside, two and one.
Two-one, pitch on the way... Fastball misses low, three and one.
Here comes the three-one... Curveball, taken for a called strike. Three and two.
And the 3-2 pitch... Curveball misses low and outside, and Caleb Jones is aboard with a two-out walk.

Nate Diaz comes to the plate. the bases loaded and two down.
And Logan deals... Popped up, to right. Hawkins is calling for it... and he makes the catch to end the inning.

Score is tied at 6. We'll be back after these messages.

Top of the ninth inning here at Waterfront Park.

Rex Power steps in to lead things off.
Here's the pitch... Cutter misses upstairs. One and oh.
And Stone delivers... Lined to left. That one drops in. The inning starts with a base hit from Rex Power.

Evan Reed comes to the plate. runner on first and nobody out.
Lefty against the righty.
And Stone comes to the plate... Heater, taken for a called strike. Oh and one.
And the pitch... Hit in the air to left. Fisher is after it and he makes the catch for out number one.

Felix Washington comes to the plate. runner on first and one away.
And Stone comes to the plate... Four-seam fastball misses outside, one and oh.
And the one-oh pitch... Lined to right. That one drops in. Felix Washington singles with one away.

And Hank Barrett steps in. runners on first and second, one away.
And the pitch... Fastball runs high, one and oh.
One-oh, pitch on the way... fouled away, one and one.
The one-one... Cutter misses low and outside. Two and one.
And Stone's pitch... Low roller to third. Corbin fields it and throws to first for out number two.

So a runner on second and third and two down for Wes Griffin.
Lefty against the righty.
From the belt, the pitch... Slider misses just a bit outside. One and oh.
The one-oh... Cutter misses low and outside. Two and oh.
And the two-oh... he gets a piece of it, two and one.
Here is the two-one... dribbled foul down the first base line, two and two.
The two-two... Lined into the glove of Jones to end the inning.

Score is tied at 6. We'll be back with more baseball here on the Pacific Coast Baseball Network.

And we're back.

And leading off for the Bay Area Bombers, Owen Chen.
And the pitch to Chen... Curveball runs high. One and oh.
And Logan's pitch... Tapped down the line. Logan steps on the bag for out number one.

Pitching Change for Pacific City Pilots: Dennis Thompson replaces Ben Logan.

And Miles Corbin will step in with one away and nobody on.
And Thompson delivers... Fastball misses high and wide. One and oh.
The one-oh... Fastball, he takes an awkward hack at the pitch, one and one.
And the pitch... Routine play for Washington and he flips to first for out number two.

And Grant Fisher steps in against Dennis Thompson. two down, nobody on.
And Thompson deals... sent foul and out of play, oh and one.
And the oh-one pitch... Slider, called strike one, oh and two.
And Thompson's pitch... A drive into the gap! Grant Fisher on his way to third... and he slides in safely. Grant Fisher is aboard with a two-out triple here in the bottom of the ninth.

And Leo Vance steps in. runner on third, two down.
And the pitch... Lined into shallow center field. That one drops in. A two-out base hit for Leo Vance, and the Bay Area Bombers take a 7-to-6 lead.

==================== GAME OVER ====================
Final Score: Bay Area Bombers 7 - Pacific City Pilots 6
Bay Area Bombers win!